[34mINFO[0m[0001] Host: devops-qfx5100-01-me0.spglab.juniper.net SessionID: 3584 Command: show version


fpc0:
--------------------------------------------------------------------------
Hostname: devops-qfx5100-01-me0
Model: qfx5100-48t-6q
Junos: 14.1X53-D25.2
JUNOS Base OS Software Suite [14.1X53-D25.2]
JUNOS Base OS boot [14.1X53-D25.2]
JUNOS Crypto Software Suite [14.1X53-D25.2]
JUNOS Online Documentation [14.1X53-D25.2]
JUNOS Kernel Software Suite [14.1X53-D25.2]
JUNOS Packet Forwarding Engine Support (qfx-ex-x86-32) [14.1X53-D25.2]
JUNOS Routing Software Suite [14.1X53-D25.2]
JUNOS Enterprise Software Suite [14.1X53-D25.2]
JUNOS py-base-i386 [14.1X53-D25.2]
JUNOS py-extensions-i386 [14.1X53-D25.2]
Puppet on Junos [2.7.19_1.junos.i386]
Ruby Interpreter [11.10.4_1.junos.i386]
Chef [11.10.4_1.junos.i386]
junos-ez-stdlib [11.10.4_1.junos.i386]
JUNOS Host Software [14.1X53-D25.2]
Junos for Automation Enhancement

 
[34mINFO[0m[0001] Host: devops-qfx5100-01-me0.spglab.juniper.net SessionID: 3598 Command: show version


fpc0:
--------------------------------------------------------------------------
Hostname: devops-qfx5100-01-me0
Model: qfx5100-48t-6q
Junos: 14.1X53-D25.2
JUNOS Base OS Software Suite [14.1X53-D25.2]
JUNOS Base OS boot [14.1X53-D25.2]
JUNOS Crypto Software Suite [14.1X53-D25.2]
JUNOS Online Documentation [14.1X53-D25.2]
JUNOS Kernel Software Suite [14.1X53-D25.2]
JUNOS Packet Forwarding Engine Support (qfx-ex-x86-32) [14.1X53-D25.2]
JUNOS Routing Software Suite [14.1X53-D25.2]
JUNOS Enterprise Software Suite [14.1X53-D25.2]
JUNOS py-base-i386 [14.1X53-D25.2]
JUNOS py-extensions-i386 [14.1X53-D25.2]
Puppet on Junos [2.7.19_1.junos.i386]
Ruby Interpreter [11.10.4_1.junos.i386]
Chef [11.10.4_1.junos.i386]
junos-ez-stdlib [11.10.4_1.junos.i386]
JUNOS Host Software [14.1X53-D25.2]
Junos for Automation Enhancement

 
